<?xml version="1.0" encoding="UTF-8"?>
<testsuite name="Matrix" tests="4" skipped="0" failures="0" errors="0" timestamp="2021-03-27T10:33:12" hostname="DESKTOP-I2M5KNR" time="0.626">
  <properties/>
  <testcase name="Determinant" classname="Matrix" time="0.594"/>
  <testcase name="Transpose" classname="Matrix" time="0.016"/>
  <testcase name="Inverse" classname="Matrix" time="0.007"/>
  <testcase name="Cofactor" classname="Matrix" time="0.007"/>
  <system-out><![CDATA[]]></system-out>
  <system-err><![CDATA[]]></system-err>
</testsuite>
